<?xml version="1.0" encoding="UTF-8"?>
<!-- Generated by org.testng.reporters.JUnitXMLReporter -->
<testsuite hostname="DESKTOP-V50T9M9" ignored="0" name="LoginTest" tests="2" failures="1" timestamp="21 Aug 2020 02:42:38 GMT" time="14.82" errors="0">
  <testcase name="TestToFail" time="0.017" classname="SeleniumLatest.LatestSelenium.LoginTest">
    <failure type="java.lang.AssertionError" message="expected [true] but found [false]">
      <![CDATA[java.lang.AssertionError: expected [true] but found [false]
	at SeleniumLatest.LatestSelenium.LoginTest.TestToFail(LoginTest.java:31)
... Removed 29 stack frames]]>
    </failure>
  </testcase> <!-- TestToFail -->
  <testcase name="verifyLogin" time="1.477" classname="SeleniumLatest.LatestSelenium.LoginTest"/>
</testsuite> <!-- LoginTest -->
